0 info it worked if it ends with ok
1 verbose cli [ '/usr/local/Cellar/node/6.6.0/bin/node',
1 verbose cli   '/usr/local/bin/npm',
1 verbose cli   'run',
1 verbose cli   'start' ]
2 info using npm@4.0.2
3 info using node@v6.6.0
4 verbose run-script [ 'prestart', 'start', 'poststart' ]
5 info lifecycle note-server@1.0.0~prestart: note-server@1.0.0
6 silly lifecycle note-server@1.0.0~prestart: no script for prestart, continuing
7 info lifecycle note-server@1.0.0~start: note-server@1.0.0
8 verbose lifecycle note-server@1.0.0~start: unsafe-perm in lifecycle true
9 verbose lifecycle note-server@1.0.0~start: PATH: /usr/local/lib/node_modules/npm/bin/node-gyp-bin:/Users/danhtran94/jsCode/khoapham-chat-server/node_modules/.bin:/usr/local/sbin:/usr/local/bin:/Users/danhtran94/goCode/bin:/usr/local/bin:/usr/bin:/bin:/usr/sbin:/sbin
10 verbose lifecycle note-server@1.0.0~start: CWD: /Users/danhtran94/jsCode/khoapham-chat-server
11 silly lifecycle note-server@1.0.0~start: Args: [ '-c', 'rethinkdb && node index.js' ]
12 silly lifecycle note-server@1.0.0~start: Returned: code: 1  signal: null
13 info lifecycle note-server@1.0.0~start: Failed to exec start script
14 verbose stack Error: note-server@1.0.0 start: `rethinkdb && node index.js`
14 verbose stack Exit status 1
14 verbose stack     at EventEmitter.<anonymous> (/usr/local/lib/node_modules/npm/lib/utils/lifecycle.js:279:16)
14 verbose stack     at emitTwo (events.js:106:13)
14 verbose stack     at EventEmitter.emit (events.js:191:7)
14 verbose stack     at ChildProcess.<anonymous> (/usr/local/lib/node_modules/npm/lib/utils/spawn.js:40:14)
14 verbose stack     at emitTwo (events.js:106:13)
14 verbose stack     at ChildProcess.emit (events.js:191:7)
14 verbose stack     at maybeClose (internal/child_process.js:877:16)
14 verbose stack     at Process.ChildProcess._handle.onexit (internal/child_process.js:226:5)
15 verbose pkgid note-server@1.0.0
16 verbose cwd /Users/danhtran94/jsCode/khoapham-chat-server
17 error Darwin 16.1.0
18 error argv "/usr/local/Cellar/node/6.6.0/bin/node" "/usr/local/bin/npm" "run" "start"
19 error node v6.6.0
20 error npm  v4.0.2
21 error code ELIFECYCLE
22 error note-server@1.0.0 start: `rethinkdb && node index.js`
22 error Exit status 1
23 error Failed at the note-server@1.0.0 start script 'rethinkdb && node index.js'.
23 error Make sure you have the latest version of node.js and npm installed.
23 error If you do, this is most likely a problem with the note-server package,
23 error not with npm itself.
23 error Tell the author that this fails on your system:
23 error     rethinkdb && node index.js
23 error You can get information on how to open an issue for this project with:
23 error     npm bugs note-server
23 error Or if that isn't available, you can get their info via:
23 error     npm owner ls note-server
23 error There is likely additional logging output above.
24 verbose exit [ 1, true ]
